<?xml version="1.0" encoding="UTF-8"?>
<!-- Generated by org.testng.reporters.JUnitReportReporter -->
<testsuite hostname="LAPTOP-PCGS4BTD" failures="0" tests="1" name="quality_test_runner_pak.Quality_TestRunner" time="5.623" errors="0" timestamp="2023-06-30T16:10:31 EDT" skipped="0">
  <testcase classname="quality_test_runner_pak.Quality_TestRunner" name="feature" time="5.623"/>
  <system-out/>
</testsuite> <!-- quality_test_runner_pak.Quality_TestRunner -->
